GROUP,PACKAGE,CLASS,INSTRUCTION_MISSED,INSTRUCTION_COVERED,BRANCH_MISSED,BRANCH_COVERED,LINE_MISSED,LINE_COVERED,COMPLEXITY_MISSED,COMPLEXITY_COVERED,METHOD_MISSED,METHOD_COVERED
com.codenation.assignment02a,com.codenation.assingment02,Status,9,29,0,0,0,2,2,2,2,2
com.codenation.assignment02a,com.codenation.assingment02,Appliance,0,95,0,6,0,28,0,14,0,11
com.codenation.assignment02a,com.codenation.assingment02,Event,0,27,0,0,0,10,0,5,0,5
com.codenation.assignment02a,com.codenation.assingment02,SmartHome,13,320,2,20,6,61,2,13,0,4
